<?xml version="1.0" encoding="UTF-8"?>
<!-- Generated by org.testng.reporters.JUnitReportReporter -->
<testsuite hostname="LAPTOP-E2KT3BQR" failures="0" tests="1" name="AmazonTestCases.Testcases" time="14.376" errors="0" timestamp="2024-01-10T08:11:21 IST" skipped="0">
  <testcase classname="AmazonTestCases.Testcases" name="flipCartAddCartItem" time="14.376"/>
</testsuite> <!-- AmazonTestCases.Testcases -->
