<?xml version="1.0" encoding="UTF-8"?>
<!-- Generated by org.testng.reporters.JUnitReportReporter -->
<testsuite hostname="LAPTOP-E2KT3BQR" failures="0" tests="6" name="AmazonTestCases.Testcases" time="56.808" errors="0" timestamp="2024-01-15T20:12:28 IST" skipped="0">
  <testcase classname="AmazonTestCases.Testcases" name="tc01" time="9.451"/>
  <testcase classname="AmazonTestCases.Testcases" name="drag_Drop_Tc02" time="17.828"/>
  <testcase classname="AmazonTestCases.Testcases" name="tc04" time="6.633"/>
  <testcase classname="AmazonTestCases.Testcases" name="alertsInSelenium" time="10.253"/>
  <testcase classname="AmazonTestCases.Testcases" name="handlingTables" time="7.752"/>
  <testcase classname="AmazonTestCases.Testcases" name="handlingScrollbar" time="4.891"/>
</testsuite> <!-- AmazonTestCases.Testcases -->
