<?xml version="1.0" encoding="UTF-8"?>
<!-- Generated by org.testng.reporters.JUnitReportReporter -->
<testsuite hostname="LAPTOP-E2KT3BQR" failures="0" tests="1" name="AmazonTestCases.Testcases" time="9.469" errors="0" timestamp="2023-12-29T19:51:10 IST" skipped="0">
  <testcase classname="AmazonTestCases.Testcases" name="tc01" time="9.469"/>
</testsuite> <!-- AmazonTestCases.Testcases -->
